2025-03-20 13:17:46,632 - INFO - Initializing Time Capsule...
2025-03-20 13:17:46,634 - INFO - Loaded plugin: AudioRecorder
2025-03-20 13:17:46,634 - INFO - Initializing Time Capsule...
2025-03-20 13:18:02,043 - ERROR - Error loading plugin AudioRecorder: No module named 'pyaudio'
2025-03-20 13:18:02,043 - INFO - Time Capsule started.
2025-03-20 13:22:56,917 - WARNING - Time Capsule is already running
2025-03-20 13:22:59,043 - WARNING - Time Capsule is already running
2025-03-20 13:22:59,294 - WARNING - Time Capsule is already running
2025-03-20 13:22:59,558 - WARNING - Time Capsule is already running
2025-03-20 13:22:59,747 - WARNING - Time Capsule is already running
2025-03-20 13:23:02,238 - WARNING - Time Capsule is already running
2025-03-20 13:25:58,967 - INFO - Received signal 2. Initiating shutdown...
2025-03-20 13:25:59,937 - INFO - Initiating graceful shutdown...
2025-03-20 13:25:59,937 - INFO - Shutting down Time Capsule...
2025-03-20 13:25:59,939 - ERROR - Error loading plugin AudioRecorder: No module named 'pyaudio'
2025-03-20 13:25:59,939 - INFO - Time Capsule stopped.
2025-03-20 13:26:00,017 - INFO - Server shutting down...
2025-03-20 13:26:00,018 - INFO - Shutting down Time Capsule...
2025-03-20 13:26:00,018 - WARNING - Time Capsule is not running
2025-03-20 13:26:00,018 - INFO - Server shutting down...
